21:35:10.878 INFO [GridLauncherV3.parse] - Selenium server version: 3.141.59, revision: e82be7d358
21:35:10.956 INFO [GridLauncherV3.lambda$buildLaunchers$3] - Launching a standalone Selenium Server on port 4444
2021-06-14 21:35:11.003:INFO::main: Logging initialized @317ms to org.seleniumhq.jetty9.util.log.StdErrLog
21:35:11.190 INFO [WebDriverServlet.<init>] - Initialising WebDriverServlet
21:35:11.577 INFO [SeleniumServer.boot] - Selenium Server is up and running on port 4444
21:35:12.003 INFO [ActiveSessionFactory.apply] - Capabilities are: {
  "acceptSslCerts": true,
  "browserName": "chrome",
  "javascriptEnabled": true,
  "name": "Test"
}
21:35:12.003 INFO [ActiveSessionFactory.lambda$apply$11] - Matched factory org.openqa.selenium.grid.session.remote.ServicedSession$Factory (provider: org.openqa.selenium.chrome.ChromeDriverService)
Starting ChromeDriver 91.0.4472.101 (af52a90bf87030dd1523486a1cd3ae25c5d76c9b-refs/branch-heads/4472@{#1462}) on port 24802
Only local connections are allowed.
Please see https://chromedriver.chromium.org/security-considerations for suggestions on keeping ChromeDriver safe.
ChromeDriver was started successfully.
21:35:13.749 INFO [ProtocolHandshake.createSession] - Detected dialect: W3C
21:35:13.821 INFO [RemoteSession$Factory.lambda$performHandshake$0] - Started new session 65601794b206befc0f2c5a571ad9f35a (org.openqa.selenium.chrome.ChromeDriverService)
[1623686729.021][WARNING]: Timed out connecting to Chrome, retrying...
[1623686741.268][WARNING]: Timed out connecting to Chrome, retrying...
[1623686753.463][WARNING]: Timed out connecting to Chrome, retrying...
21:36:07.653 INFO [ActiveSessionFactory.apply] - Capabilities are: {
  "acceptSslCerts": true,
  "browserName": "chrome",
  "javascriptEnabled": true,
  "name": "Test"
}
21:36:07.653 INFO [ActiveSessionFactory.lambda$apply$11] - Matched factory org.openqa.selenium.grid.session.remote.ServicedSession$Factory (provider: org.openqa.selenium.chrome.ChromeDriverService)
[1623686767.696][WARNING]: Timed out connecting to Chrome, retrying...
Starting ChromeDriver 91.0.4472.101 (af52a90bf87030dd1523486a1cd3ae25c5d76c9b-refs/branch-heads/4472@{#1462}) on port 27014
Only local connections are allowed.
Please see https://chromedriver.chromium.org/security-considerations for suggestions on keeping ChromeDriver safe.
ChromeDriver was started successfully.
21:36:09.002 INFO [ProtocolHandshake.createSession] - Detected dialect: W3C
21:36:09.026 INFO [RemoteSession$Factory.lambda$performHandshake$0] - Started new session 558c25b0d9ab2a70ee2b66aa7749e0b6 (org.openqa.selenium.chrome.ChromeDriverService)
21:36:13.280 INFO [ActiveSessions$1.onStop] - Removing session 558c25b0d9ab2a70ee2b66aa7749e0b6 (org.openqa.selenium.chrome.ChromeDriverService)
21:36:15.894 INFO [ActiveSessions$1.onStop] - Removing session 65601794b206befc0f2c5a571ad9f35a (org.openqa.selenium.chrome.ChromeDriverService)
